<?xml version="1.0" encoding="UTF-8"?>
<!-- Generated by org.testng.reporters.JUnitReportReporter -->
<testsuite hostname="EPINBANW03EA" failures="0" tests="2" name="org.test.TestNGGroupTest" time="0.005" errors="0" timestamp="2022-06-12T20:45:56 IST" skipped="0">
  <testcase classname="org.test.TestNGGroupTest" name="method1" time="0.004"/>
  <system-out/>
  <testcase classname="org.test.TestNGGroupTest" name="method2" time="0.001"/>
  <system-out/>
</testsuite> <!-- org.test.TestNGGroupTest -->
