<?xml version="1.0" encoding="UTF-8"?>
<!-- Generated by org.testng.reporters.JUnitReportReporter -->
<testsuite hostname="EPINBANW03EA" failures="0" tests="2" name="org.test.MyNumberTestNGTest" time="0.005" errors="0" timestamp="2022-06-12T20:17:50 IST" skipped="0">
  <testcase classname="org.test.MyNumberTestNGTest" name="testAdd" time="0.004"/>
  <system-out/>
  <testcase classname="org.test.MyNumberTestNGTest" name="testDiv" time="0.001"/>
  <system-out/>
</testsuite> <!-- org.test.MyNumberTestNGTest -->
